<?xml version="1.0" encoding="UTF-8"?>
<testsuite xmlns:xsi="http://www.w3.org/2001/XMLSchema-instance" xsi:noNamespaceSchemaLocation="https://maven.apache.org/surefire/maven-surefire-plugin/xsd/surefire-test-report-3.0.xsd" version="3.0" name="VoziloTest" time="0.355" tests="5" errors="0" skipped="0" failures="0">
  <properties>
    <property name="java.specification.version" value="19"/>
    <property name="sun.cpu.isalist" value="amd64"/>
    <property name="sun.jnu.encoding" value="Cp1252"/>
    <property name="java.class.path" value="C:\Users\vucur\Documents\ETS\ETS-Primena informacionih tehnologija\projekti\Vozila\target\test-classes;C:\Users\vucur\Documents\ETS\ETS-Primena informacionih tehnologija\projekti\Vozila\target\classes;C:\Users\vucur\.m2\repository\org\junit\jupiter\junit-jupiter-api\5.9.1\junit-jupiter-api-5.9.1.jar;C:\Users\vucur\.m2\repository\org\opentest4j\opentest4j\1.2.0\opentest4j-1.2.0.jar;C:\Users\vucur\.m2\repository\org\junit\platform\junit-platform-commons\1.9.1\junit-platform-commons-1.9.1.jar;C:\Users\vucur\.m2\repository\org\apiguardian\apiguardian-api\1.1.2\apiguardian-api-1.1.2.jar;C:\Users\vucur\.m2\repository\org\junit\jupiter\junit-jupiter-engine\5.9.1\junit-jupiter-engine-5.9.1.jar;C:\Users\vucur\.m2\repository\org\junit\platform\junit-platform-engine\1.9.1\junit-platform-engine-1.9.1.jar;"/>
    <property name="java.vm.vendor" value="Oracle Corporation"/>
    <property name="sun.arch.data.model" value="64"/>
    <property name="user.variant" value=""/>
    <property name="java.vendor.url" value="https://java.oracle.com/"/>
    <property name="user.timezone" value="Europe/Belgrade"/>
    <property name="os.name" value="Windows 10"/>
    <property name="java.vm.specification.version" value="19"/>
    <property name="sun.java.launcher" value="SUN_STANDARD"/>
    <property name="user.country" value="US"/>
    <property name="sun.boot.library.path" value="C:\Users\vucur\.jdks\openjdk-19\bin"/>
    <property name="sun.java.command" value="C:\Users\vucur\AppData\Local\Temp\surefire291594915692161189\surefirebooter-20221016153323990_3.jar C:\Users\vucur\AppData\Local\Temp\surefire291594915692161189 2022-10-16T15-33-22_421-jvmRun1 surefire-20221016153323990_1tmp surefire_0-20221016153323990_2tmp"/>
    <property name="jdk.debug" value="release"/>
    <property name="surefire.test.class.path" value="C:\Users\vucur\Documents\ETS\ETS-Primena informacionih tehnologija\projekti\Vozila\target\test-classes;C:\Users\vucur\Documents\ETS\ETS-Primena informacionih tehnologija\projekti\Vozila\target\classes;C:\Users\vucur\.m2\repository\org\junit\jupiter\junit-jupiter-api\5.9.1\junit-jupiter-api-5.9.1.jar;C:\Users\vucur\.m2\repository\org\opentest4j\opentest4j\1.2.0\opentest4j-1.2.0.jar;C:\Users\vucur\.m2\repository\org\junit\platform\junit-platform-commons\1.9.1\junit-platform-commons-1.9.1.jar;C:\Users\vucur\.m2\repository\org\apiguardian\apiguardian-api\1.1.2\apiguardian-api-1.1.2.jar;C:\Users\vucur\.m2\repository\org\junit\jupiter\junit-jupiter-engine\5.9.1\junit-jupiter-engine-5.9.1.jar;C:\Users\vucur\.m2\repository\org\junit\platform\junit-platform-engine\1.9.1\junit-platform-engine-1.9.1.jar;"/>
    <property name="sun.cpu.endian" value="little"/>
    <property name="user.home" value="C:\Users\vucur"/>
    <property name="user.language" value="en"/>
    <property name="java.specification.vendor" value="Oracle Corporation"/>
    <property name="java.version.date" value="2022-09-20"/>
    <property name="java.home" value="C:\Users\vucur\.jdks\openjdk-19"/>
    <property name="file.separator" value="\"/>
    <property name="basedir" value="C:\Users\vucur\Documents\ETS\ETS-Primena informacionih tehnologija\projekti\Vozila"/>
    <property name="java.vm.compressedOopsMode" value="32-bit"/>
    <property name="line.separator" value="&#10;"/>
    <property name="java.vm.specification.vendor" value="Oracle Corporation"/>
    <property name="java.specification.name" value="Java Platform API Specification"/>
    <property name="surefire.real.class.path" value="C:\Users\vucur\AppData\Local\Temp\surefire291594915692161189\surefirebooter-20221016153323990_3.jar"/>
    <property name="user.script" value=""/>
    <property name="sun.management.compiler" value="HotSpot 64-Bit Tiered Compilers"/>
    <property name="java.runtime.version" value="19+36-2238"/>
    <property name="user.name" value="vucur"/>
    <property name="stdout.encoding" value="Cp1252"/>
    <property name="path.separator" value=";"/>
    <property name="os.version" value="10.0"/>
    <property name="java.runtime.name" value="OpenJDK Runtime Environment"/>
    <property name="file.encoding" value="UTF-8"/>
    <property name="java.vm.name" value="OpenJDK 64-Bit Server VM"/>
    <property name="localRepository" value="C:\Users\vucur\.m2\repository"/>
    <property name="java.vendor.url.bug" value="https://bugreport.java.com/bugreport/"/>
    <property name="java.io.tmpdir" value="C:\Users\vucur\AppData\Local\Temp\"/>
    <property name="idea.version" value="2022.2.2"/>
    <property name="java.version" value="19"/>
    <property name="user.dir" value="C:\Users\vucur\Documents\ETS\ETS-Primena informacionih tehnologija\projekti\Vozila"/>
    <property name="os.arch" value="amd64"/>
    <property name="java.vm.specification.name" value="Java Virtual Machine Specification"/>
    <property name="sun.os.patch.level" value=""/>
    <property name="native.encoding" value="Cp1252"/>
    <property name="java.library.path" value="C:\Users\vucur\.jdks\openjdk-19\bin;C:\Windows\Sun\Java\bin;C:\Windows\system32;C:\Windows;C:\Program Files (x86)\VMware\VMware Player\bin\;C:\Program Files (x86)\Common Files\Oracle\Java\javapath;C:\Windows\system32;C:\Windows;C:\Windows\System32\Wbem;C:\Windows\System32\WindowsPowerShell\v1.0\;C:\Windows\System32\OpenSSH\;C:\xampp\php;C:\ProgramData\ComposerSetup\bin;C:\Program Files (x86)\dotnet\;C:\Program Files\Git\cmd;C:\Users\vucur\AppData\Local\Microsoft\WindowsApps;C:\Users\vucur\AppData\Local\Programs\Microsoft VS Code\bin;C:\Users\vucur\AppData\Local\GitHubDesktop\bin;C:\Users\vucur\AppData\Roaming\Composer\vendor\bin;C:\Program Files\JetBrains\IntelliJ IDEA Community Edition 2022.2.2\bin;;."/>
    <property name="java.vm.info" value="mixed mode, sharing"/>
    <property name="stderr.encoding" value="Cp1252"/>
    <property name="java.vendor" value="Oracle Corporation"/>
    <property name="java.vm.version" value="19+36-2238"/>
    <property name="sun.io.unicode.encoding" value="UnicodeLittle"/>
    <property name="java.class.version" value="63.0"/>
  </properties>
  <testcase name="test1" classname="VoziloTest" time="0.094">
    <system-out><![CDATA[   VoziloTest$1@43195e57
   VoziloTest$2@6e171cd7
   null
   null
Auto info: Vozilo{serialID=1000, kilometraza=1000.0}
Motor{upaljen=false, ispravnost=true, snaga=50.0, alternator=Alternator{snaga=5.0}, akumulator=Stanje: PUN
[Ljava.lang.String;@6b927fb}
]]></system-out>
  </testcase>
  <testcase name="test2" classname="VoziloTest" time="0.007">
    <system-out><![CDATA[   VoziloTest$1@43195e57
   VoziloTest$2@6e171cd7
   null
   null
Auto info: Vozilo{serialID=1000, kilometraza=1000.0}
Motor{upaljen=false, ispravnost=true, snaga=50.0, alternator=Alternator{snaga=5.0}, akumulator=Stanje: PUN
[Ljava.lang.String;@6b927fb}
]]></system-out>
  </testcase>
  <testcase name="test3" classname="VoziloTest" time="0.104">
    <system-out><![CDATA[   null
   VoziloTest$2@6e171cd7
   null
   null
Auto info: Vozilo{serialID=1000, kilometraza=1500.0}
Motor{upaljen=false, ispravnost=true, snaga=50.0, alternator=Alternator{snaga=5.0}, akumulator=Stanje: SKOROPUN
[Ljava.lang.String;@6b927fb}
]]></system-out>
  </testcase>
  <testcase name="test3" classname="VoziloTest" time="0.006">
    <system-out><![CDATA[   VoziloTest$1@43195e57
   VoziloTest$2@6e171cd7
   null
   null
Auto info: Vozilo{serialID=1000, kilometraza=2500.0}
Motor{upaljen=false, ispravnost=true, snaga=50.0, alternator=Alternator{snaga=5.0}, akumulator=Stanje: SKOROPUN
[Ljava.lang.String;@6b927fb}
]]></system-out>
  </testcase>
  <testcase name="test3" classname="VoziloTest" time="0.005">
    <system-out><![CDATA[   VoziloTest$1@43195e57
   VoziloTest$2@6e171cd7
   null
   null
Auto info: Vozilo{serialID=1000, kilometraza=3500.0}
Motor{upaljen=false, ispravnost=true, snaga=50.0, alternator=Alternator{snaga=5.0}, akumulator=Stanje: SKOROPUN
[Ljava.lang.String;@6b927fb}
]]></system-out>
  </testcase>
</testsuite>